[debug] [2017-11-27T02:22:48.097Z] ----------------------------------------------------------------------
[debug] [2017-11-27T02:22:48.100Z] Command:       /usr/local/bin/node /usr/local/bin/firebase deploy
[debug] [2017-11-27T02:22:48.101Z] CLI Version:   3.15.2
[debug] [2017-11-27T02:22:48.101Z] Platform:      darwin
[debug] [2017-11-27T02:22:48.101Z] Node Version:  v6.9.2
[debug] [2017-11-27T02:22:48.101Z] Time:          Sun Nov 26 2017 19:22:48 GMT-0700 (MST)
[debug] [2017-11-27T02:22:48.102Z] ----------------------------------------------------------------------
[debug] 
[debug] [2017-11-27T02:22:48.118Z] > command requires scopes: ["email","openid","https://www.googleapis.com/auth/cloudplatformprojects.readonly","https://www.googleapis.com/auth/firebase","https://www.googleapis.com/auth/cloud-platform"]
[debug] [2017-11-27T02:22:48.118Z] > authorizing via signed-in user
[debug] [2017-11-27T02:22:48.121Z] > refreshing access token with scopes: ["email","https://www.googleapis.com/auth/cloud-platform","https://www.googleapis.com/auth/cloudplatformprojects.readonly","https://www.googleapis.com/auth/firebase","openid"]
[debug] [2017-11-27T02:22:48.121Z] >>> HTTP REQUEST POST https://www.googleapis.com/oauth2/v3/token { refresh_token: '1/ffe6rG81NUdpX8c0jgO7gMh-mb83KloIira5xbkYSnq9BP-PY0Sj69BJRterKvHC',
  client_id: '563584335869-fgrhgmd47bqnekij5i8b5pr03ho849e6.apps.googleusercontent.com',
  client_secret: 'j9iVZfS8kkCEFUPaAeJV0sAi',
  grant_type: 'refresh_token',
  scope: 'email https://www.googleapis.com/auth/cloud-platform https://www.googleapis.com/auth/cloudplatformprojects.readonly https://www.googleapis.com/auth/firebase openid' } 
 Sun Nov 26 2017 19:22:48 GMT-0700 (MST)
[debug] [2017-11-27T02:22:48.297Z] <<< HTTP RESPONSE 200
[debug] [2017-11-27T02:22:48.300Z] >>> HTTP REQUEST GET https://admin.firebase.com/v1/projects/bootstrap-machine  
 Sun Nov 26 2017 19:22:48 GMT-0700 (MST)
[debug] [2017-11-27T02:22:48.696Z] <<< HTTP RESPONSE 200
[debug] [2017-11-27T02:22:48.698Z] >>> HTTP REQUEST GET https://admin.firebase.com/v1/database/bootstrap-machine/tokens  
 Sun Nov 26 2017 19:22:48 GMT-0700 (MST)
